<?xml version="1.0" encoding="UTF-8"?>
<!-- Generated by org.testng.reporters.JUnitReportReporter -->
<testsuite skipped="0" hostname="Mds-MacBook-Pro" name="comGeeksoft.Day1" tests="3" failures="0" timestamp="2020-12-07T20:11:16 EST" time="6.296" errors="0">
  <testcase name="StudentLoanFahim" time="0.001" classname="comGeeksoft.Day1"/>
  <system-out/>
  <testcase name="StudentLoanRaisa" time="0.002" classname="comGeeksoft.Day1"/>
  <system-out/>
  <testcase name="Amazon" time="6.293" classname="comGeeksoft.Day1"/>
  <system-out/>
</testsuite> <!-- comGeeksoft.Day1 -->
