<?xml version="1.0" encoding="UTF-8"?>
<!-- Generated by org.testng.reporters.JUnitReportReporter -->
<testsuite skipped="0" hostname="Mds-MacBook-Pro.local" name="comGeeksoft.Day3" tests="1" failures="0" timestamp="2020-04-20T20:15:21 EDT" time="0.000" errors="0">
  <testcase name="MobileLoginHomeLoan" time="0.000" classname="comGeeksoft.Day3"/>
  <system-out/>
</testsuite> <!-- comGeeksoft.Day3 -->
