<?xml version="1.0" encoding="UTF-8"?>
<!-- Generated by org.testng.reporters.JUnitReportReporter -->
<testsuite skipped="0" hostname="Mds-MacBook-Pro.local" name="comGeeksoft.Day4" tests="1" failures="0" timestamp="2020-04-20T20:15:21 EDT" time="0.009" errors="0">
  <testcase name="MobileLoginCarLoan" time="0.009" classname="comGeeksoft.Day4"/>
  <system-out/>
</testsuite> <!-- comGeeksoft.Day4 -->
