<?xml version="1.0" encoding="UTF-8"?>
<!-- Generated by org.testng.reporters.JUnitReportReporter -->
<testsuite skipped="0" hostname="Mds-MacBook-Pro.local" name="comGeeksoft.Day2" tests="2" failures="0" timestamp="2020-04-20T01:34:57 EDT" time="0.010" errors="0">
  <testcase name="PersonalLoanTanha" time="0.009" classname="comGeeksoft.Day2"/>
  <system-out/>
  <testcase name="PersonalLoanTonni" time="0.001" classname="comGeeksoft.Day2"/>
  <system-out/>
</testsuite> <!-- comGeeksoft.Day2 -->
